<beans xmlns="http://www.springframework.org/schema/beans" xmlns:xsi="http://www.w3.org/2001/XMLSchema-instance"
 xmlns:p="http://www.springframework.org/schema/p" xmlns:context="http://www.springframework.org/schema/context"
 xmlns:mvc="http://www.springframework.org/schema/mvc"
 xsi:schemaLocation="
        http://www.springframework.org/schema/beans
        http://www.springframework.org/schema/beans/spring-beans.xsd
        http://www.springframework.org/schema/mvc
        http://www.springframework.org/schema/mvc/spring-mvc.xsd
        http://www.springframework.org/schema/context
        http://www.springframework.org/schema/context/spring-context.xsd">

 <!-- scanning package for annotation (only useful ones) -->
 <context:annotation-config />
 <context:component-scan base-package="com.louisamoros.cdb.controller" />
 <context:component-scan base-package="com.louisamoros.cdb.service" />
 <context:component-scan base-package="com.louisamoros.cdb.dao" />
 <context:component-scan base-package="com.louisamoros.cdb.dao.connection" />

 <!-- setting data source with bocecp wrapper which handles pool connection -->
 <context:property-placeholder location="classpath:jdbc.properties" />
 <bean id="dataSource" class="com.jolbox.bonecp.BoneCPDataSource" destroy-method="close">
  <property name="driverClass" value="${jdbc.driverClass}" />
  <property name="jdbcUrl" value="${jdbc.url}" />
  <property name="username" value="${jdbc.username}" />
  <property name="password" value="${jdbc.password}" />
  <property name="maxConnectionsPerPartition" value="${jdbc.maxConn}" />
 </bean>

 <!-- setting jdbc template (named parameters overlay) and give it the bone cp data source -->
 <bean id="namedParameterJdbcTemplate" class="org.springframework.jdbc.core.namedparam.NamedParameterJdbcTemplate">
  <constructor-arg ref="dataSource" />
 </bean>

 <mvc:resources mapping="/css/**" location="/css/" />
 <mvc:resources mapping="/js/**" location="/js/" />
 <mvc:resources mapping="/fonts/**" location="/fonts/" />
 <mvc:default-servlet-handler/>

 <!-- view resolver -->
 <bean class="org.springframework.web.servlet.view.InternalResourceViewResolver">
  <property name="prefix" value="/WEB-INF/jsp/" />
  <property name="suffix" value=".jsp" />
 </bean>

</beans>
