<?xml version="1.0" encoding="UTF-8"?>
<beans xmlns="http://www.springframework.org/schema/beans"
       xmlns:xsi="http://www.w3.org/2001/XMLSchema-instance"
       xmlns:context="http://www.springframework.org/schema/context"
       xsi:schemaLocation="http://www.springframework.org/schema/beans
       http://www.springframework.org/schema/beans/spring-beans.xsd
       http://www.springframework.org/schema/context
       http://www.springframework.org/schema/context/spring-context.xsd">

    <!-- Scanning module package -->
    <context:annotation-config />
    <context:component-scan base-package="com.louisamoros.cdb.model" />
    <context:component-scan base-package="com.louisamoros.cdb.model.validator" />


    <!-- validationFactory bean is created by instructing Spring to call
    the static factory method Validation.buildDefaultValidatorFactory() -->
    <bean id="validatorFactory" class="javax.validation.Validation"
          factory-method="buildDefaultValidatorFactory"/>

    <!--The validator bean in turn is created by letting Spring call
    the getValidator() method on the validatorFactory bean. -->
    <bean id="validator" factory-bean="validatorFactory"
          factory-method="getValidator"/>
</beans>