<beans xmlns="http://www.springframework.org/schema/beans" xmlns:xsi="http://www.w3.org/2001/XMLSchema-instance"
 xmlns:context="http://www.springframework.org/schema/context"
 xsi:schemaLocation="http://www.springframework.org/schema/beans
 	http://www.springframework.org/schema/beans/spring-beans-4.2.xsd
	http://www.springframework.org/schema/context
	http://www.springframework.org/schema/context/spring-context-4.2.xsd">
 <context:annotation-config />

 <context:component-scan base-package="com.louisamoros.cdb.service" />
 <context:component-scan base-package="com.louisamoros.cdb.dao" />
 <context:component-scan base-package="com.louisamoros.cdb.dao.connection" />
 
 <bean id="dataSource" class="org.springframework.jdbc.datasource.DriverManagerDataSource">
  <property name="driverClassName" value="com.mysql.jdbc.Driver" />
  <property name="url"
   value="jdbc:mysql://127.0.0.1:3306/computer-database-db?zeroDateTimeBehavior=convertToNull" />
  <property name="username" value="root" />
  <property name="password" value="root" />
 </bean>

</beans>